Nov 23, 2018 02:52:37.077 [0x7f6bbe7ff700] INFO - Plex Media Scanner v1.13.9.5456-ecd600442 - ubuntu docker x86_64 - build: linux-ubuntu-x86_64 - GMT 00:00
Nov 23, 2018 02:52:37.079 [0x7f6bbe7ff700] INFO - Linux version: 4.9.125-linuxkit (#1 SMP Fri Sep 7 08:20:28 UTC 2018), language: en-US
Nov 23, 2018 02:52:37.079 [0x7f6bbe7ff700] INFO - Processor Intel(R) Core(TM) i7-4770HQ CPU @ 2.20GHz
Nov 23, 2018 02:52:37.080 [0x7f6bbe7ff700] INFO - /usr/lib/plexmediaserver/Plex Media Scanner --analyze-deeply --item 5 --log-file-suffix  Deep Analysis
Nov 23, 2018 02:52:37.080 [0x7f6bca1f5840] DEBUG - Opening 20 database sessions to library (com.plexapp.plugins.library), SQLite 3.13.0, threadsafe=1
Nov 23, 2018 02:52:37.441 [0x7f6bca1f5840] DEBUG - [MI] Opening input file: "/data/movies/Peppermint (2018)/Peppermint (2018).mp4"
Nov 23, 2018 02:52:37.441 [0x7f6bca1f5840] DEBUG - [FFMPEG] - Opening '/data/movies/Peppermint (2018)/Peppermint (2018).mp4' for reading
Nov 23, 2018 02:52:37.442 [0x7f6bca1f5840] DEBUG - [FFMPEG] - Setting default whitelist 'file,crypto'
Nov 23, 2018 02:52:37.449 [0x7f6bca1f5840] DEBUG - [FFMPEG] - Format mov,mp4,m4a,3gp,3g2,mj2 probed with size=2048 and score=100
Nov 23, 2018 02:52:37.450 [0x7f6bca1f5840] DEBUG - [FFMPEG] - ISO: File Type Major Brand: isom
Nov 23, 2018 02:52:37.450 [0x7f6bca1f5840] DEBUG - [FFMPEG] - Unknown dref type 0x206c7275 size 12
Nov 23, 2018 02:52:37.480 [0x7f6bca1f5840] DEBUG - [FFMPEG] - Processing st: 0, edit list 0 - media time: 2002, duration: 146342208
Nov 23, 2018 02:52:37.495 [0x7f6bca1f5840] DEBUG - [FFMPEG] - Offset DTS by 2002 to make first pts zero.
Nov 23, 2018 02:52:37.521 [0x7f6bca1f5840] DEBUG - [FFMPEG] - Setting codecpar->delay to 2 for stream st: 0
Nov 23, 2018 02:52:37.521 [0x7f6bca1f5840] DEBUG - [FFMPEG] - Unknown dref type 0x206c7275 size 12
Nov 23, 2018 02:52:37.548 [0x7f6bca1f5840] DEBUG - [FFMPEG] - Processing st: 1, edit list 0 - media time: 2048, duration: 292684800
Nov 23, 2018 02:52:37.549 [0x7f6bca1f5840] DEBUG - [FFMPEG] - drop a frame at curr_cts: 0 @ 0
Nov 23, 2018 02:52:37.549 [0x7f6bca1f5840] DEBUG - [FFMPEG] - drop a frame at curr_cts: 1024 @ 1
Nov 23, 2018 02:52:37.575 [0x7f6bca1f5840] DEBUG - [FFMPEG] - Before avformat_find_stream_info() pos: 4149369 bytes read:4154225 seeks:0 nb_streams:2
Nov 23, 2018 02:52:37.576 [0x7f6bca1f5840] DEBUG - [FFMPEG] - nal_unit_type: 7, nal_ref_idc: 3
Nov 23, 2018 02:52:37.576 [0x7f6bca1f5840] DEBUG - [FFMPEG] - nal_unit_type: 8, nal_ref_idc: 3
Nov 23, 2018 02:52:37.588 [0x7f6bca1f5840] DEBUG - [FFMPEG] - nal_unit_type: 6, nal_ref_idc: 0
Nov 23, 2018 02:52:37.588 [0x7f6bca1f5840] DEBUG - [FFMPEG] - nal_unit_type: 5, nal_ref_idc: 3
Nov 23, 2018 02:52:37.588 [0x7f6bca1f5840] DEBUG - [FFMPEG] - Format yuv420p chosen by get_format().
Nov 23, 2018 02:52:37.590 [0x7f6bca1f5840] DEBUG - [FFMPEG] - no picture 
Nov 23, 2018 02:52:37.595 [0x7f6bca1f5840] DEBUG - [FFMPEG] - demuxer injecting skip 2048 / discard 0
Nov 23, 2018 02:52:37.595 [0x7f6bca1f5840] DEBUG - [FFMPEG] - All info found
Nov 23, 2018 02:52:37.596 [0x7f6bca1f5840] DEBUG - [FFMPEG] - After avformat_find_stream_info() pos: 4150336 bytes read:4154225 seeks:0 frames:2
Nov 23, 2018 02:52:37.726 [0x7f6bca1f5840] DEBUG - Deep Analysis: Read 10000 packets at 141.057583
Nov 23, 2018 02:52:37.951 [0x7f6bca1f5840] DEBUG - Deep Analysis: Read 20000 packets at 282.198583
Nov 23, 2018 02:52:38.127 [0x7f6bca1f5840] DEBUG - Deep Analysis: Read 30000 packets at 423.339583
Nov 23, 2018 02:52:38.248 [0x7f6bca1f5840] DEBUG - Deep Analysis: Read 40000 packets at 564.480583
Nov 23, 2018 02:52:38.335 [0x7f6bca1f5840] DEBUG - Deep Analysis: Read 50000 packets at 705.621583
Nov 23, 2018 02:52:38.494 [0x7f6bca1f5840] DEBUG - Deep Analysis: Read 60000 packets at 846.762667
Nov 23, 2018 02:52:38.665 [0x7f6bca1f5840] DEBUG - Deep Analysis: Read 70000 packets at 987.904000
Nov 23, 2018 02:52:38.765 [0x7f6bca1f5840] DEBUG - Deep Analysis: Read 80000 packets at 1129.045333
Nov 23, 2018 02:52:38.918 [0x7f6bca1f5840] DEBUG - Deep Analysis: Read 90000 packets at 1270.186667
Nov 23, 2018 02:52:39.012 [0x7f6bca1f5840] DEBUG - Deep Analysis: Read 100000 packets at 1411.328000
Nov 23, 2018 02:52:39.104 [0x7f6bca1f5840] DEBUG - Deep Analysis: Read 110000 packets at 1552.469333
Nov 23, 2018 02:52:39.212 [0x7f6bca1f5840] DEBUG - Deep Analysis: Read 120000 packets at 1693.610667
Nov 23, 2018 02:52:39.395 [0x7f6bca1f5840] DEBUG - Deep Analysis: Read 130000 packets at 1834.752000
Nov 23, 2018 02:52:39.548 [0x7f6bca1f5840] DEBUG - Deep Analysis: Read 140000 packets at 1975.893333
Nov 23, 2018 02:52:39.716 [0x7f6bca1f5840] DEBUG - Deep Analysis: Read 150000 packets at 2117.034667
Nov 23, 2018 02:52:39.836 [0x7f6bca1f5840] DEBUG - Deep Analysis: Read 160000 packets at 2258.176000
Nov 23, 2018 02:52:39.970 [0x7f6bca1f5840] DEBUG - Deep Analysis: Read 170000 packets at 2399.317333
Nov 23, 2018 02:52:40.093 [0x7f6bca1f5840] DEBUG - Deep Analysis: Read 180000 packets at 2540.458667
Nov 23, 2018 02:52:40.295 [0x7f6bca1f5840] DEBUG - Deep Analysis: Read 190000 packets at 2681.600000
Nov 23, 2018 02:52:40.447 [0x7f6bca1f5840] DEBUG - Deep Analysis: Read 200000 packets at 2822.741333
Nov 23, 2018 02:52:40.594 [0x7f6bca1f5840] DEBUG - Deep Analysis: Read 210000 packets at 2963.882667
Nov 23, 2018 02:52:40.738 [0x7f6bca1f5840] DEBUG - Deep Analysis: Read 220000 packets at 3105.024000
Nov 23, 2018 02:52:40.852 [0x7f6bca1f5840] DEBUG - Deep Analysis: Read 230000 packets at 3246.165333
Nov 23, 2018 02:52:40.958 [0x7f6bca1f5840] DEBUG - Deep Analysis: Read 240000 packets at 3387.306667
Nov 23, 2018 02:52:41.046 [0x7f6bca1f5840] DEBUG - Deep Analysis: Read 250000 packets at 3528.448000
Nov 23, 2018 02:52:41.163 [0x7f6bca1f5840] DEBUG - Deep Analysis: Read 260000 packets at 3669.589333
Nov 23, 2018 02:52:41.267 [0x7f6bca1f5840] DEBUG - Deep Analysis: Read 270000 packets at 3810.730667
Nov 23, 2018 02:52:41.368 [0x7f6bca1f5840] DEBUG - Deep Analysis: Read 280000 packets at 3951.872000
Nov 23, 2018 02:52:41.503 [0x7f6bca1f5840] DEBUG - Deep Analysis: Read 290000 packets at 4093.013333
Nov 23, 2018 02:52:41.608 [0x7f6bca1f5840] DEBUG - Deep Analysis: Read 300000 packets at 4234.154667
Nov 23, 2018 02:52:41.715 [0x7f6bca1f5840] DEBUG - Deep Analysis: Read 310000 packets at 4375.296000
Nov 23, 2018 02:52:41.820 [0x7f6bca1f5840] DEBUG - Deep Analysis: Read 320000 packets at 4516.437333
Nov 23, 2018 02:52:41.930 [0x7f6bca1f5840] DEBUG - Deep Analysis: Read 330000 packets at 4657.578667
Nov 23, 2018 02:52:42.013 [0x7f6bca1f5840] DEBUG - Deep Analysis: Read 340000 packets at 4798.720000
Nov 23, 2018 02:52:42.088 [0x7f6bca1f5840] DEBUG - Deep Analysis: Read 350000 packets at 4939.861333
Nov 23, 2018 02:52:42.211 [0x7f6bca1f5840] DEBUG - Deep Analysis: Read 360000 packets at 5081.002667
Nov 23, 2018 02:52:42.316 [0x7f6bca1f5840] DEBUG - Deep Analysis: Read 370000 packets at 5222.144000
Nov 23, 2018 02:52:42.446 [0x7f6bca1f5840] DEBUG - Deep Analysis: Read 380000 packets at 5363.285333
Nov 23, 2018 02:52:42.544 [0x7f6bca1f5840] DEBUG - Deep Analysis: Read 390000 packets at 5504.426667
Nov 23, 2018 02:52:42.620 [0x7f6bca1f5840] DEBUG - Deep Analysis: Read 400000 packets at 5645.568000
Nov 23, 2018 02:52:42.659 [0x7f6bca1f5840] DEBUG - Deep Analysis: Read 410000 packets at 5786.709333
Nov 23, 2018 02:52:42.712 [0x7f6bca1f5840] DEBUG - Deep Analysis: Read 420000 packets at 5927.850667
Nov 23, 2018 02:52:42.759 [0x7f6bca1f5840] DEBUG - Deep Analysis: Read 430000 packets at 6068.992000
Nov 23, 2018 02:52:42.777 [0x7f6bca1f5840] DEBUG - Deep Analysis: Sorting packets
Nov 23, 2018 02:52:42.792 [0x7f6bca1f5840] DEBUG - Deep Analysis: Performing file bitrate analysis
Nov 23, 2018 02:52:42.829 [0x7f6bca1f5840] DEBUG - Deep Analysis: Performing stream bitrate analysis on stream 0
Nov 23, 2018 02:52:42.852 [0x7f6bca1f5840] DEBUG - Deep Analysis: Performing stream bitrate analysis on stream 1
Nov 23, 2018 02:52:42.882 [0x7f6bca1f5840] DEBUG - Deep Analysis: Saving GoP analysis for stream 0
Nov 23, 2018 02:52:42.890 [0x7f6bca1f5840] DEBUG - Deep Analysis: Saving bitrate analysis
Nov 23, 2018 02:52:42.901 [0x7f6bca1f5840] DEBUG - Updating part with ID=7 [/data/movies/Peppermint (2018)/Peppermint (2018).mp4]
Nov 23, 2018 02:52:42.915 [0x7f6bca1f5840] DEBUG - [MI] Closing input file: "/data/movies/Peppermint (2018)/Peppermint (2018).mp4"
Nov 23, 2018 02:52:42.917 [0x7f6bca1f5840] DEBUG - [FFMPEG] - Statistics: 914969729 bytes read, 0 seeks
