Nov 22, 2018 22:07:17.842 [0x7ff3935ad700] INFO - Plex Tuner Service v1.0.0.0 - unknown docker unknown - build: 
Nov 22, 2018 22:07:17.844 [0x7ff3935ad700] INFO - Linux version: 4.9.125-linuxkit (#1 SMP Fri Sep 7 08:20:28 UTC 2018), language: en-US
Nov 22, 2018 22:07:17.845 [0x7ff3935ad700] INFO - Processor Intel(R) Core(TM) i7-4770HQ CPU @ 2.20GHz
Nov 22, 2018 22:07:17.846 [0x7ff3935ad700] INFO - /usr/lib/plexmediaserver/Plex Tuner Service /usr/lib/plexmediaserver/Resources/Tuner/Private /usr/lib/plexmediaserver/Resources/Tuner/Shared 1.13.9.5456-ecd600442 32600 /waitmutex
Nov 22, 2018 22:07:17.795 [0x7ff3986ac7c0] INFO - [I] broker_t::start...
Nov 22, 2018 22:07:17.798 [0x7ff3986ac7c0] INFO - [I] device_manager_t::init.
Nov 22, 2018 22:07:17.798 [0x7ff3986ac7c0] INFO - [I] device_manager_t::init. Initialize provider manager
Nov 22, 2018 22:07:17.798 [0x7ff3986ac7c0] INFO - [I] device_manager_t::init. Initialize all device auxes
Nov 22, 2018 22:07:17.798 [0x7ff3986ac7c0] INFO - [I] dvb_device_factory_t::get_aux_list
Nov 22, 2018 22:07:17.798 [0x7ff3986ac7c0] INFO - [I] tvbutler_aux_t::init
Nov 22, 2018 22:07:17.799 [0x7ff3986ac7c0] INFO - [I] web_server_t::start. Starting web server on port 32600
Nov 22, 2018 22:07:22.678 [0x7ff38affd700] INFO - [I] web_service_t::process_device_discovery
Nov 22, 2018 22:07:22.678 [0x7ff38affd700] INFO - [I] device_reactor_t::get_device_list ()
Nov 22, 2018 22:07:22.678 [0x7ff38affd700] INFO - [I] dvb_device_factory_t::get_device_list ()
Nov 22, 2018 22:07:24.700 [0x7ff38affd700] INFO - [I] SAT2IP - discover_satip_servers(): no servers found
Nov 22, 2018 22:07:25.105 [0x7ff38affd700] INFO - [I] v4l::DeviceGetList_impl. getting v4l device list
Nov 22, 2018 22:07:25.108 [0x7ff38affd700] INFO - [I] onetv_factory::DeviceGetListEx >>
Nov 22, 2018 22:07:25.109 [0x7ff38affd700] WARN - [W] onetv_factory::DeviceGetListEx. libusb_init returned an error -99
Nov 23, 2018 03:17:00.447 [0x7ff3986ac7c0] INFO - [I] Received SIGTERM: Software termination signal.
Nov 23, 2018 03:17:00.447 [0x7ff3986ac7c0] DEBUG - Unable to lock named mutex F8EEB26D-AB23-4061-8250-130AB5285A4A: Interrupted system call
Nov 23, 2018 03:17:00.448 [0x7ff3986ac7c0] INFO - [I] device_manager_t::term
Nov 23, 2018 03:17:00.448 [0x7ff3986ac7c0] INFO - [I] device_manager_t::term. Stop all devices
Nov 23, 2018 03:17:00.449 [0x7ff3986ac7c0] INFO - [I] device_manager_t::term. Shut down all device auxes
Nov 23, 2018 03:17:00.449 [0x7ff3986ac7c0] INFO - [I] tvbutler_aux_t::term
Nov 23, 2018 03:17:00.453 [0x7ff3986ac7c0] INFO - [I] web_server_t::stop. Web server is stopped
