2018-11-23 03:17:30,845 (7ff7a23ed740) :  INFO (core:349) - Starting framework core - Version: 2.6.3, Build: ecd6004 (Tue Oct 30 17:17:43 UTC 2018)
2018-11-23 03:17:30,848 (7ff7a23ed740) :  DEBUG (core:361) - Using the elevated policy
2018-11-23 03:17:30,855 (7ff7a23ed740) :  DEBUG (core:365) - Extending whitelist: ['cgi', 'tempfile']
2018-11-23 03:17:30,857 (7ff7a23ed740) :  DEBUG (core:450) - Starting runtime component.
2018-11-23 03:17:30,865 (7ff7a23ed740) :  DEBUG (core:450) - Starting caching component.
2018-11-23 03:17:30,873 (7ff7a23ed740) :  DEBUG (core:450) - Starting data component.
2018-11-23 03:17:30,875 (7ff7a23ed740) :  DEBUG (core:450) - Starting networking component.
2018-11-23 03:17:30,896 (7ff7a23ed740) :  DEBUG (networking:284) - Loaded HTTP cookies
2018-11-23 03:17:30,915 (7ff7a23ed740) :  DEBUG (networking:452) - Setting the default network timeout to 20.0
2018-11-23 03:17:30,920 (7ff7a23ed740) :  DEBUG (core:450) - Starting localization component.
2018-11-23 03:17:30,923 (7ff7a23ed740) :  INFO (localization:409) - Setting the default locale to en-us
2018-11-23 03:17:30,935 (7ff7a23ed740) :  DEBUG (localization:427) - Loaded en strings
2018-11-23 03:17:30,936 (7ff7a23ed740) :  DEBUG (core:450) - Starting messaging component.
2018-11-23 03:17:30,939 (7ff7a23ed740) :  DEBUG (core:450) - Starting debugging component.
2018-11-23 03:17:30,941 (7ff7a23ed740) :  DEBUG (core:450) - Starting services component.
2018-11-23 03:17:30,943 (7ff7a23ed740) :  DEBUG (core:450) - Starting myplex component.
2018-11-23 03:17:30,954 (7ff7a23ed740) :  DEBUG (core:450) - Starting notifications component.
2018-11-23 03:17:31,440 (7ff7a23ed740) :  DEBUG (accessor:68) - Creating a new model access point for provider com.plexapp.system in namespace 'metadata'
2018-11-23 03:17:31,490 (7ff789ffb700) :  DEBUG (services:265) - Plug-in is not daemonized - loading services from system
2018-11-23 03:17:31,494 (7ff7a23ed740) :  DEBUG (runtime:1117) - Created a thread named 'load_all_services'
2018-11-23 03:17:31,498 (7ff789ffb700) :  DEBUG (networking:166) - Requesting 'http://127.0.0.1:32400/:/plugins/com.plexapp.system/messaging/function/X0J1bmRsZVNlcnZpY2U6QWxsU2VydmljZXM_/Y2VyZWFsMQoxCmxpc3QKMApyMAo_/Y2VyZWFsMQoxCmRpY3QKMApyMAo_'
2018-11-23 03:17:31,500 (7ff7a23ed740) :  DEBUG (runtime:1117) - Created a thread named 'get_server_info'
2018-11-23 03:17:31,509 (7ff788ff9700) :  DEBUG (networking:166) - Requesting 'http://127.0.0.1:32400'
2018-11-23 03:17:31,512 (7ff7a23ed740) :  DEBUG (core:150) - Finished starting framework core
2018-11-23 03:17:31,518 (7ff7a23ed740) :  DEBUG (core:560) - Loading plug-in code
2018-11-23 03:17:31,627 (7ff7a23ed740) :  DEBUG (core:566) - Finished loading plug-in code
2018-11-23 03:17:31,631 (7ff7a23ed740) :  DEBUG (runtime:640) - Adding a prefix handler for 'System' ('/system')
2018-11-23 03:17:34,381 (7ff7a23ed740) :  INFO (__init__:40) - Starting System ecd6004 (Tue Oct 30 17:17:43 UTC 2018)
2018-11-23 03:17:34,382 (7ff7a23ed740) :  DEBUG (runtime:640) - Adding a prefix handler for 'Player' ('/player')
2018-11-23 03:17:34,397 (7ff7a23ed740) :  INFO (datakit:93) - Loaded the dictionary file
2018-11-23 03:17:34,399 (7ff7a23ed740) :  DEBUG (agentservice:48) - Starting the agent service
2018-11-23 03:17:34,562 (7ff7a23ed740) :  DEBUG (accessor:68) - Creating a new model access point for provider com.plexapp.system in namespace 'metadata'
2018-11-23 03:17:34,570 (7ff7a23ed740) :  DEBUG (bundleservice:69) - Starting the bundle service
2018-11-23 03:17:34,572 (7ff7a23ed740) :  DEBUG (runtime:1117) - Created a thread named 'start'
2018-11-23 03:17:34,574 (7ff7a23ed740) :  DEBUG (helpservice:14) - Starting the help service
2018-11-23 03:17:34,585 (7ff7a23ed740) :  DEBUG (storeservice:198) - Starting the store service
2018-11-23 03:17:34,589 (7ff7a23ed740) :  DEBUG (runtime:1117) - Created a thread named 'start'
2018-11-23 03:17:34,590 (7ff7a23ed740) :  DEBUG (installservice:30) - Starting the install service
2018-11-23 03:17:34,595 (7ff766ffd700) :  DEBUG (runtime:1117) - Created a thread named 'ensure_agent_info_exists_inner'
2018-11-23 03:17:34,613 (7ff7667fc700) :  DEBUG (networking:166) - Requesting 'http://127.0.0.1:32400'
2018-11-23 03:17:34,622 (7ff7a23ed740) :  DEBUG (playerservice:12) - Starting the player service
2018-11-23 03:17:34,623 (7ff7a23ed740) :  DEBUG (flagservice:13) - Starting the media flag service
2018-11-23 03:17:34,627 (7ff7a23ed740) :  DEBUG (runtime:1117) - Created a thread named 'start'
2018-11-23 03:17:34,628 (7ff7a23ed740) :  DEBUG (peerservice:141) - Starting the peer service
2018-11-23 03:17:34,627 (7ff766ffd700) :  DEBUG (runtime:1117) - Created a thread named 'ensure_agent_info_exists_inner'
2018-11-23 03:17:34,630 (7ff7657fa700) :  DEBUG (peerservice:164) - Fetching the current list of servers
2018-11-23 03:17:34,636 (7ff7a23ed740) :  DEBUG (runtime:1117) - Created a thread named 'refresh_servers'
2018-11-23 03:17:34,640 (7ff766ffd700) :  DEBUG (runtime:1117) - Created a thread named 'ensure_agent_info_exists_inner'
2018-11-23 03:17:34,646 (7ff7a23ed740) :  DEBUG (runtime:1150) - Scheduled a timed thread named 'refresh_servers'
2018-11-23 03:17:34,646 (7ff7657fa700) :  DEBUG (networking:166) - Requesting 'http://127.0.0.1:32400/servers'
2018-11-23 03:17:34,651 (7ff7a23ed740) :  DEBUG (streamservice:18) - Starting the stream service
2018-11-23 03:17:34,665 (7ff7a23ed740) :  CRITICAL (runtime:709) - Private handlers are no longer supported; couldn't register <bound method StreamService.token_handler of <streamservice.StreamService object at 0x7ff798428450>>
2018-11-23 03:17:34,660 (7ff766ffd700) :  DEBUG (runtime:1117) - Created a thread named 'ensure_agent_info_exists_inner'
2018-11-23 03:17:34,672 (7ff7a23ed740) :  DEBUG (runtime:1150) - Scheduled a timed thread named 'invalidation_timer'
2018-11-23 03:17:34,673 (7ff766ffd700) :  DEBUG (runtime:1117) - Created a thread named 'ensure_agent_info_exists_inner'
2018-11-23 03:17:34,678 (7ff766ffd700) :  DEBUG (runtime:1117) - Created a thread named 'ensure_agent_info_exists_inner'
2018-11-23 03:17:34,681 (7ff766ffd700) :  DEBUG (runtime:1117) - Created a thread named 'ensure_agent_info_exists_inner'
2018-11-23 03:17:34,686 (7ff766ffd700) :  DEBUG (runtime:1117) - Created a thread named 'ensure_agent_info_exists_inner'
2018-11-23 03:17:34,684 (7ff7a23ed740) :  DEBUG (proxyservice:12) - Starting the proxy service
2018-11-23 03:17:34,688 (7ff766ffd700) :  DEBUG (runtime:1117) - Created a thread named 'ensure_agent_info_exists_inner'
2018-11-23 03:17:34,705 (7ff766ffd700) :  DEBUG (runtime:1117) - Created a thread named 'ensure_agent_info_exists_inner'
2018-11-23 03:17:34,707 (7ff766ffd700) :  DEBUG (runtime:1117) - Created a thread named 'ensure_agent_info_exists_inner'
2018-11-23 03:17:34,713 (7ff766ffd700) :  DEBUG (runtime:1117) - Created a thread named 'ensure_agent_info_exists_inner'
2018-11-23 03:17:34,713 (7ff7a23ed740) :  DEBUG (runtime:1117) - Created a thread named 'update_attribution_flags_inner'
2018-11-23 03:17:34,716 (7ff7a23ed740) :  INFO (core:611) - Started plug-in
2018-11-23 03:17:34,715 (7ff766ffd700) :  DEBUG (runtime:1117) - Created a thread named 'ensure_agent_info_exists_inner'
2018-11-23 03:17:34,739 (7ff7a23ed740) :  DEBUG (socketinterface:160) - Starting socket server
2018-11-23 03:17:34,787 (7ff7a23ed740) :  DEBUG (runtime:1117) - Created a thread named 'start'
2018-11-23 03:17:34,789 (7ff7a23ed740) :  INFO (socketinterface:184) - Socket server started on port 43845
2018-11-23 03:17:34,791 (7ff7a23ed740) :  INFO (pipeinterface:25) - Entering run loop
2018-11-23 03:17:34,792 (7ff7a23ed740) :  DEBUG (runtime:717) - Handling request GET /:/prefixes
2018-11-23 03:17:34,808 (7ff7a23ed740) :  DEBUG (runtime:814) - Found route matching /:/prefixes
2018-11-23 03:17:34,811 (7ff7a23ed740) :  DEBUG (runtime:924) - Response: [200] MediaContainer, 486 bytes
2018-11-23 03:17:34,840 (7ff7567fc700) :  DEBUG (runtime:717) - Handling request GET /system/agents
2018-11-23 03:17:35,446 (7ff7667fc700) :  DEBUG (core:521) - Attribute 'machineIdentifier' set to '177b657a65db79667e3ca1a7f7924b88aa9b9433'
2018-11-23 03:17:35,459 (7ff788ff9700) :  DEBUG (core:538) - Machine identifier is 177b657a65db79667e3ca1a7f7924b88aa9b9433
2018-11-23 03:17:35,488 (7ff788ff9700) :  DEBUG (core:539) - Server version is 1.13.9.5456-ecd600442
2018-11-23 03:17:35,490 (7ff7667fc700) :  DEBUG (networking:166) - Requesting 'http://127.0.0.1:32400'
2018-11-23 03:17:35,562 (7ff7657fa700) :  DEBUG (peerservice:171) - Refreshing local server
2018-11-23 03:17:35,566 (7ff7657fa700) :  DEBUG (peerservice:189) - Updating servers (True/False True/True/True)
2018-11-23 03:17:35,571 (7ff7657fa700) :  DEBUG (peerservice:198) - Found 1 servers
2018-11-23 03:17:35,577 (7ff7657fa700) :  DEBUG (peerservice:230) - Creating new server plex (177b657a65db79667e3ca1a7f7924b88aa9b9433)
2018-11-23 03:17:35,584 (7ff7657fa700) :  DEBUG (networking:166) - Requesting 'http://127.0.0.1:32400/library/sections'
2018-11-23 03:17:35,730 (7ff7667fc700) :  DEBUG (core:521) - Attribute 'platformVersion' set to '4.9.125-linuxkit (#1 SMP Fri Sep 7 08:20:28 UTC 2018)'
2018-11-23 03:17:35,748 (7ff7657fa700) :  DEBUG (networking:166) - Requesting 'http://127.0.0.1:32400/channels/all'
2018-11-23 03:17:35,773 (7ff7667fc700) :  DEBUG (networking:166) - Requesting 'https://plugins.plex.tv/apps/all.json?frameworkVersion=2.6.3&machineIdentifier=177b657a65db79667e3ca1a7f7924b88aa9b9433&os=Linux&osVersion=4.9.125-linuxkit%20%28%231%20SMP%20Fri%20Sep%207%2008%3A20%3A28%20UTC%202018%29&cpu=i386&serverVersion=1.13.9.5456-ecd600442&systemRevision=ecd6004'
2018-11-23 03:17:35,865 (7ff788ff9700) :  DEBUG (peerservice:176) - Background-refreshing remote servers
2018-11-23 03:17:35,865 (7ff7657fa700) :  DEBUG (runtime:1117) - Created a thread named 'background_refresh'
2018-11-23 03:17:35,867 (7ff788ff9700) :  DEBUG (peerservice:189) - Updating servers (False/True True/True/True)
2018-11-23 03:17:35,880 (7ff788ff9700) :  DEBUG (peerservice:198) - Found 1 servers
2018-11-23 03:17:35,886 (7ff755ffb700) :  DEBUG (runtime:717) - Handling request GET /:/plugins/com.plexapp.system/messaging/function/X0J1bmRsZVNlcnZpY2U6QWxsU2VydmljZXM_/Y2VyZWFsMQoxCmxpc3QKMApyMAo_/Y2VyZWFsMQoxCmRpY3QKMApyMAo_
2018-11-23 03:17:36,066 (7ff7567fc700) :  DEBUG (runtime:814) - Found route matching /system/agents
2018-11-23 03:17:36,130 (7ff755ffb700) :  DEBUG (runtime:814) - Found route matching /:/plugins/com.plexapp.system/messaging/function/X0J1bmRsZVNlcnZpY2U6QWxsU2VydmljZXM_/Y2VyZWFsMQoxCmxpc3QKMApyMAo_/Y2VyZWFsMQoxCmRpY3QKMApyMAo_
2018-11-23 03:17:36,574 (7ff766ffd700) :  DEBUG (runtime:1117) - Created a thread named 'remove_unavailable_agents'
2018-11-23 03:17:36,576 (7ff766ffd700) :  DEBUG (bundleservice:85) - Started the bundle service
2018-11-23 03:17:36,594 (7ff765ffb700) :  DEBUG (flagservice:46) - Started the media flag service
2018-11-23 03:17:36,608 (7ff7577fe700) :  INFO (agentservice:121) - Agent info: {'com.plexapp.agents.fanarttv': [{'media_types': ['Movie'], 'primary_provider': False, 'fallback_agent': None, 'contributes_to': ['com.plexapp.agents.imdb', 'com.plexapp.agents.themoviedb'], 'has_attribution': True, 'languages': ['xn'], 'persist_stored_files': True, 'version': 0, 'accepts_from': None, 'prefs': True, 'name': 'Fanart.tv'}, {'media_types': ['TV_Show'], 'primary_provider': False, 'fallback_agent': None, 'contributes_to': ['com.plexapp.agents.thetvdb', 'com.plexapp.agents.themoviedb'], 'has_attribution': True, 'languages': ['xn'], 'persist_stored_files': True, 'version': 0, 'accepts_from': None, 'prefs': True, 'name': 'Fanart.tv'}, {'media_types': ['Artist'], 'primary_provider': False, 'fallback_agent': None, 'contributes_to': ['com.plexapp.agents.lastfm'], 'has_attribution': True, 'languages': ['xn'], 'persist_stored_files': True, 'version': 0, 'accepts_from': None, 'prefs': True, 'name': 'Fanart.tv'}, {'media_types': ['Album'], 'primary_provider': False, 'fallback_agent': None, 'contributes_to': ['com.plexapp.agents.lastfm'], 'has_attribution': True, 'languages': ['xn'], 'persist_stored_files': True, 'version': 0, 'accepts_from': None, 'prefs': True, 'name': 'Fanart.tv'}], 'com.plexapp.agents.none': [{'media_types': ['Movie'], 'primary_provider': True, 'fallback_agent': None, 'contributes_to': None, 'has_attribution': False, 'languages': ['xn'], 'persist_stored_files': True, 'version': 0, 'accepts_from': None, 'prefs': False, 'name': 'Personal Media'}, {'media_types': ['TV_Show'], 'primary_provider': True, 'fallback_agent': None, 'contributes_to': None, 'has_attribution': False, 'languages': ['xn'], 'persist_stored_files': True, 'version': 0, 'accepts_from': None, 'prefs': False, 'name': 'Personal Media Shows'}, {'media_types': ['Artist'], 'primary_provider': True, 'fallback_agent': None, 'contributes_to': None, 'has_attribution': False, 'languages': ['xn'], 'persist_stored_files': True, 'version': 0, 'accepts_from': None, 'prefs': False, 'name': 'Personal Media Artists'}, {'media_types': ['Album'], 'primary_provider': True, 'fallback_agent': None, 'contributes_to': None, 'has_attribution': False, 'languages': ['xn'], 'persist_stored_files': True, 'version': 0, 'accepts_from': None, 'prefs': False, 'name': 'Personal Media Albums'}, {'media_types': ['Photo'], 'primary_provider': True, 'fallback_agent': None, 'contributes_to': None, 'has_attribution': False, 'languages': ['en', 'ar', 'bg', 'ca', 'cs', 'cy', 'da', 'de', 'el', 'es', 'et', 'fa', 'fi', 'fr', 'he', 'hi', 'hr', 'ht', 'hu', 'id', 'it', 'ja', 'ko', 'lt', 'lv', 'ms', 'mt', 'nl', 'no', 'pl', 'pt', 'ro', 'ru', 'sk', 'sv', 'sl', 'sr', 'th', 'tr', 'uk', 'ur', 'vi', 'zh', 'xn'], 'persist_stored_files': True, 'version': 0, 'accepts_from': None, 'prefs': False, 'name': 'Photos'}], 'com.plexapp.agents.plexmusic': [{'media_types': ['Artist'], 'primary_provider': True, 'fallback_agent': None, 'contributes_to': ['com.plexapp.agents.localmedia'], 'has_attribution': True, 'languages': ['en', 'ar', 'bg', 'zh', 'hr', 'cs', 'da', 'nl', 'fi', 'fr', 'de', 'el', 'hu', 'id', 'it', 'ja', 'ko', 'nn', 'pl', 'pt', 'ro', 'ru', 'sr', 'sk', 'es', 'sv', 'th', 'tr', 'vi'], 'persist_stored_files': True, 'version': 0, 'accepts_from': None, 'prefs': True, 'name': 'Plex Premium Music'}, {'media_types': ['Album'], 'primary_provider': True, 'fallback_agent': None, 'contributes_to': ['com.plexapp.agents.localmedia'], 'has_attribution': True, 'languages': ['en', 'ar', 'bg', 'zh', 'hr', 'cs', 'da', 'nl', 'fi', 'fr', 'de', 'el', 'hu', 'id', 'it', 'ja', 'ko', 'nn', 'pl', 'pt', 'ro', 'ru', 'sr', 'sk', 'es', 'sv', 'th', 'tr', 'vi'], 'persist_stored_files': True, 'version': 0, 'accepts_from': None, 'prefs': True, 'name': 'Plex Premium Music'}], 'com.plexapp.agents.htbackdrops': [{'media_types': ['Artist'], 'primary_provider': False, 'fallback_agent': None, 'contributes_to': ['com.plexapp.agents.lastfm'], 'has_attribution': True, 'languages': ['ab', 'aa', 'af', 'ak', 'sq', 'am', 'ar', 'an', 'hy', 'as', 'av', 'ae', 'ay', 'az', 'bm', 'ba', 'eu', 'be', 'bn', 'bh', 'bi', 'bs', 'pb', 'br', 'bg', 'my', 'ca', 'ch', 'ce', 'ny', 'zh', 'cu', 'cv', 'kw', 'co', 'cr', 'hr', 'cs', 'da', 'dv', 'nl', 'dz', 'en', 'eo', 'et', 'ee', 'fo', 'fj', 'fi', 'fr', 'fy', 'ff', 'gd', 'gl', 'lg', 'ka', 'de', 'el', 'gn', 'gu', 'ht', 'ha', 'he', 'hz', 'hi', 'ho', 'hu', 'is', 'io', 'ig', 'id', 'ia', 'ie', 'iu', 'ik', 'ga', 'it', 'ja', 'jv', 'kl', 'kn', 'kr', 'ks', 'kk', 'km', 'ki', 'rw', 'ky', 'kv', 'kg', 'ko', 'kj', 'ku', 'lo', 'la', 'lv', 'li', 'ln', 'lt', 'lu', 'lb', 'mk', 'mg', 'ms', 'ml', 'mt', 'gv', 'mi', 'mr', 'mh', 'mo', 'mn', 'na', 'nv', 'ng', 'ne', 'xn', 'nd', 'no', 'nb', 'nn', 'oc', 'oj', 'or', 'om', 'os', 'pi', 'pa', 'fa', 'pl', 'pt', 'ps', 'qu', 'rm', 'ro', 'rn', 'ru', 'se', 'sm', 'sg', 'sa', 'sc', 'sr', 'sn', 'ii', 'sd', 'si', 'sk', 'sl', 'so', 'st', 'nr', 'es', 'su', 'sw', 'ss', 'sv', 'tl', 'ty', 'tg', 'ta', 'tt', 'te', 'th', 'bo', 'ti', 'to', 'ts', 'tn', 'tr', 'tk', 'tw', 'ug', 'uk', 'ur', 'uz', 've', 'vi', 'vo', 'wa', 'cy', 'wo', 'xh', 'yi', 'yo', 'za', 'zu'], 'persist_stored_files': True, 'version': 0, 'accepts_from': None, 'prefs': False, 'name': 'Home Theater Backdrops'}], 'com.plexapp.agents.imdb': [{'media_types': ['Movie'], 'accepts_from': ['com.plexapp.agents.localmedia'], 'fallback_agent': None, 'contributes_to': ['com.plexapp.agents.themoviedb'], 'has_attribution': True, 'languages': ['en', 'sv', 'fr', 'es', 'nl', 'de', 'it', 'da', 'ar', 'ca', 'zh', 'cs', 'et', 'fi', 'el', 'he', 'hi', 'hu', 'id', 'ja', 'ko', 'lv', 'no', 'fa', 'pl', 'pt', 'ro', 'ru', 'sk', 'th', 'tr', 'uk', 'vi'], 'persist_stored_files': True, 'version': 0, 'primary_provider': True, 'prefs': True, 'name': 'Plex Movie'}], 'com.plexapp.agents.lyricfind': [{'media_types': ['Album'], 'primary_provider': False, 'fallback_agent': None, 'contributes_to': ['com.plexapp.agents.plexmusic', 'com.plexapp.agents.localmedia', 'com.plexapp.agents.lastfm'], 'has_attribution': True, 'languages': ['xn'], 'persist_stored_files': True, 'version': 0, 'accepts_from': None, 'prefs': False, 'name': 'LyricFind'}], 'com.plexapp.agents.thetvdb': [{'media_types': ['TV_Show'], 'primary_provider': True, 'fallback_agent': None, 'contributes_to': None, 'has_attribution': True, 'languages': ['en', 'fr', 'zh', 'sv', 'no', 'da', 'fi', 'nl', 'de', 'it', 'es', 'pl', 'hu', 'el', 'tr', 'ru', 'he', 'ja', 'pt', 'cs', 'ko', 'sl', 'hr'], 'persist_stored_files': True, 'version': 0, 'accepts_from': None, 'prefs': True, 'name': 'TheTVDB'}], 'com.plexapp.agents.lastfm': [{'media_types': ['Artist'], 'primary_provider': True, 'fallback_agent': None, 'contributes_to': None, 'has_attribution': True, 'languages': ['en', 'sv', 'fr', 'es', 'de', 'pl', 'it', 'pt', 'ja', 'tr', 'ru', 'zh'], 'persist_stored_files': True, 'version': 0, 'accepts_from': None, 'prefs': True, 'name': 'Last.fm'}, {'media_types': ['Album'], 'primary_provider': True, 'fallback_agent': None, 'contributes_to': None, 'has_attribution': True, 'languages': ['en', 'sv', 'fr', 'es', 'de', 'pl', 'it', 'pt', 'ja', 'tr', 'ru', 'zh'], 'persist_stored_files': True, 'version': 0, 'accepts_from': None, 'prefs': True, 'name': 'Last.fm'}], 'com.plexapp.agents.themoviedb': [{'media_types': ['Movie'], 'primary_provider': True, 'fallback_agent': None, 'contributes_to': None, 'has_attribution': True, 'languages': ['en', 'cs', 'da', 'de', 'el', 'es', 'fi', 'fr', 'he', 'hr', 'hu', 'it', 'lv', 'lt', 'nl', 'no', 'pl', 'pt', 'ru', 'sk', 'sv', 'th', 'tr', 'vi', 'zh', 'ko'], 'persist_stored_files': True, 'version': 0, 'accepts_from': ['com.plexapp.agents.localmedia'], 'prefs': True, 'name': 'The Movie Database'}, {'media_types': ['TV_Show'], 'primary_provider': True, 'fallback_agent': None, 'contributes_to': ['com.plexapp.agents.thetvdb'], 'has_attribution': True, 'languages': ['en', 'cs', 'da', 'de', 'el', 'es', 'fi', 'fr', 'he', 'hr', 'hu', 'it', 'lv', 'lt', 'nl', 'no', 'pl', 'pt', 'ru', 'sk', 'sv', 'th', 'tr', 'vi', 'zh', 'ko'], 'persist_stored_files': True, 'version': 0, 'accepts_from': ['com.plexapp.agents.localmedia', 'com.plexapp.agents.thetvdb'], 'prefs': True, 'name': 'The Movie Database'}], 'com.plexapp.agents.opensubtitles': [{'media_types': ['Movie'], 'primary_provider': False, 'fallback_agent': None, 'contributes_to': ['com.plexapp.agents.imdb'], 'has_attribution': False, 'languages': ['xn'], 'persist_stored_files': True, 'version': 0, 'accepts_from': None, 'prefs': True, 'name': 'OpenSubtitles.org'}, {'media_types': ['TV_Show'], 'primary_provider': False, 'fallback_agent': None, 'contributes_to': ['com.plexapp.agents.thetvdb'], 'has_attribution': False, 'languages': ['xn'], 'persist_stored_files': True, 'version': 0, 'accepts_from': None, 'prefs': True, 'name': 'OpenSubtitles.org'}], 'com.plexapp.agents.movieposterdb': [{'media_types': ['Movie'], 'primary_provider': False, 'fallback_agent': None, 'contributes_to': ['com.plexapp.agents.imdb'], 'has_attribution': True, 'languages': ['xn'], 'persist_stored_files': True, 'version': 0, 'accepts_from': None, 'prefs': False, 'name': 'CineMaterial'}], 'com.plexapp.agents.localmedia': [{'media_types': ['Movie'], 'primary_provider': False, 'fallback_agent': None, 'contributes_to': ['com.plexapp.agents.imdb', 'com.plexapp.agents.none'], 'has_attribution': False, 'languages': ['xn'], 'persist_stored_files': False, 'version': 0, 'accepts_from': None, 'prefs': True, 'name': 'Local Media Assets (Movies)'}, {'media_types': ['TV_Show'], 'primary_provider': False, 'fallback_agent': None, 'contributes_to': ['com.plexapp.agents.thetvdb', 'com.plexapp.agents.none'], 'has_attribution': False, 'languages': ['xn'], 'persist_stored_files': False, 'version': 0, 'accepts_from': None, 'prefs': True, 'name': 'Local Media Assets (TV)'}, {'media_types': ['Artist'], 'primary_provider': False, 'fallback_agent': None, 'contributes_to': ['com.plexapp.agents.discogs', 'com.plexapp.agents.lastfm', 'com.plexapp.agents.plexmusic', 'com.plexapp.agents.none'], 'has_attribution': False, 'languages': ['xn'], 'persist_stored_files': False, 'version': 0, 'accepts_from': None, 'prefs': True, 'name': 'Local Media Assets (Artists)'}, {'media_types': ['Artist'], 'primary_provider': False, 'fallback_agent': None, 'contributes_to': ['com.plexapp.agents.plexmusic'], 'has_attribution': False, 'languages': ['xn'], 'persist_stored_files': False, 'version': 2, 'accepts_from': None, 'prefs': True, 'name': 'Local Media Assets (Artists)'}, {'media_types': ['Album'], 'primary_provider': False, 'fallback_agent': None, 'contributes_to': ['com.plexapp.agents.discogs', 'com.plexapp.agents.lastfm', 'com.plexapp.agents.plexmusic', 'com.plexapp.agents.none'], 'has_attribution': False, 'languages': ['xn'], 'persist_stored_files': False, 'version': 0, 'accepts_from': None, 'prefs': True, 'name': 'Local Media Assets (Albums)'}], 'com.plexapp.agents.plexthememusic': [{'media_types': ['TV_Show'], 'primary_provider': False, 'fallback_agent': None, 'contributes_to': ['com.plexapp.agents.thetvdb', 'com.plexapp.agents.thetvdbdvdorder', 'com.plexapp.agents.themoviedb'], 'has_attribution': False, 'languages': ['xn'], 'persist_stored_files': True, 'version': 0, 'accepts_from': None, 'prefs': False, 'name': 'Plex Theme Music'}]}
2018-11-23 03:17:36,660 (7ff7577fe700) :  INFO (datakit:131) - Saved the dictionary file
2018-11-23 03:17:36,720 (7ff7567fc700) :  DEBUG (runtime:924) - Response: [200] MediaContainer, 9036 bytes
2018-11-23 03:17:36,757 (7ff755ffb700) :  DEBUG (runtime:924) - Response: [200] str, 59954 bytes
2018-11-23 03:17:37,209 (7ff789ffb700) :  DEBUG (services:362) - Loaded services
2018-11-23 03:17:37,212 (7ff7667fc700) :  DEBUG (preferences:258) - Loaded preferences from DefaultPrefs.json
2018-11-23 03:17:37,217 (7ff7897fa700) :  DEBUG (services:438) - No shared code to load
2018-11-23 03:17:37,232 (7ff7667fc700) :  DEBUG (preferences:178) - Loaded the user preferences for com.plexapp.system
2018-11-23 03:17:37,237 (7ff7667fc700) :  INFO (storeservice:495) - No beta plugins.
2018-11-23 03:17:37,249 (7ff7667fc700) :  INFO (storeservice:334) - Starting automatic update thread
2018-11-23 03:17:37,251 (7ff7667fc700) :  DEBUG (runtime:1150) - Scheduled a timed thread named 'auto_update_thread'
2018-11-23 03:17:37,255 (7ff7667fc700) :  DEBUG (storeservice:328) - Started the store service
2018-11-23 03:17:37,974 (7ff7667fc700) :  DEBUG (runtime:717) - Handling request GET /system/messaging/clear_events/com.plexapp.agents.imdb
2018-11-23 03:17:38,030 (7ff7667fc700) :  DEBUG (runtime:814) - Found route matching /system/messaging/clear_events/com.plexapp.agents.imdb
2018-11-23 03:17:38,032 (7ff7667fc700) :  DEBUG (runtime:924) - Response: [200] str, 0 bytes
2018-11-23 03:17:38,150 (7ff7667fc700) :  DEBUG (runtime:717) - Handling request GET /:/plugins/com.plexapp.system/resourceHashes
2018-11-23 03:17:38,152 (7ff7667fc700) :  DEBUG (runtime:814) - Found route matching /:/plugins/com.plexapp.system/resourceHashes
2018-11-23 03:17:38,159 (7ff7667fc700) :  DEBUG (networking:166) - Requesting 'http://resources-cdn.plexapp.com/hashes.json'
2018-11-23 03:17:38,297 (7ff7667fc700) :  DEBUG (runtime:924) - Response: [200] str, 13276 bytes
2018-11-23 03:17:38,337 (7ff7667fc700) :  DEBUG (runtime:717) - Handling request GET /:/plugins/com.plexapp.system/messaging/function/X0J1bmRsZVNlcnZpY2U6QWxsU2VydmljZXM_/Y2VyZWFsMQoxCmxpc3QKMApyMAo_/Y2VyZWFsMQoxCmRpY3QKMApyMAo_
2018-11-23 03:17:38,374 (7ff7667fc700) :  DEBUG (runtime:814) - Found route matching /:/plugins/com.plexapp.system/messaging/function/X0J1bmRsZVNlcnZpY2U6QWxsU2VydmljZXM_/Y2VyZWFsMQoxCmxpc3QKMApyMAo_/Y2VyZWFsMQoxCmRpY3QKMApyMAo_
2018-11-23 03:17:38,456 (7ff7667fc700) :  DEBUG (runtime:924) - Response: [200] str, 59954 bytes
2018-11-23 03:17:39,156 (7ff7667fc700) :  DEBUG (runtime:717) - Handling request GET /:/plugins/com.plexapp.system/messaging/function/X0FnZW50U2VydmljZTpVcGRhdGVJbmZv/Y2VyZWFsMQoxCmxpc3QKMApyMAo_/Y2VyZWFsMQo3CmRpY3QKbGlzdApkaWN0Cmxpc3QKbGlzdApsaXN0Cmxpc3QKMgpzMjMKY29tLnBsZXhhcHAuYWdlbnRzLmltZGJzMTAKaWRlbnRpZmllcnIxCnMxMAphZ2VudF9pbmZvMQpyMgoxMApyMwpzMTEKbWVkaWFfdHlwZXNyNApzMTIKYWNjZXB0c19mcm9tbnMxNApmYWxsYmFja19hZ2VudHI1CnMxNApjb250cmlidXRlc190b3I2CnM5Cmxhbmd1YWdlc2IxczIwCnBlcnNpc3Rfc3RvcmVkX2ZpbGVzaTAKczcKdmVyc2lvbmIxczE2CnByaW1hcnlfcHJvdmlkZXJiMXM1CnByZWZzczEwClBsZXggTW92aWVzNApuYW1lMQpzNQpNb3ZpZTEKczI5CmNvbS5wbGV4YXBwLmFnZW50cy5sb2NhbG1lZGlhMQpzMjkKY29tLnBsZXhhcHAuYWdlbnRzLnRoZW1vdmllZGIzMwpzMgplbnMyCnN2czIKZnJzMgplc3MyCm5sczIKZGVzMgppdHMyCmRhczIKYXJzMgpjYXMyCnpoczIKY3NzMgpldHMyCmZpczIKZWxzMgpoZXMyCmhpczIKaHVzMgppZHMyCmphczIKa29zMgpsdnMyCm5vczIKZmFzMgpwbHMyCnB0czIKcm9zMgpydXMyCnNrczIKdGhzMgp0cnMyCnVrczIKdmlyMAo_
2018-11-23 03:17:39,158 (7ff7667fc700) :  DEBUG (runtime:814) - Found route matching /:/plugins/com.plexapp.system/messaging/function/X0FnZW50U2VydmljZTpVcGRhdGVJbmZv/Y2VyZWFsMQoxCmxpc3QKMApyMAo_/Y2VyZWFsMQo3CmRpY3QKbGlzdApkaWN0Cmxpc3QKbGlzdApsaXN0Cmxpc3QKMgpzMjMKY29tLnBsZXhhcHAuYWdlbnRzLmltZGJzMTAKaWRlbnRpZmllcnIxCnMxMAphZ2VudF9pbmZvMQpyMgoxMApyMwpzMTEKbWVkaWFfdHlwZXNyNApzMTIKYWNjZXB0c19mcm9tbnMxNApmYWxsYmFja19hZ2VudHI1CnMxNApjb250cmlidXRlc190b3I2CnM5Cmxhbmd1YWdlc2IxczIwCnBlcnNpc3Rfc3RvcmVkX2ZpbGVzaTAKczcKdmVyc2lvbmIxczE2CnByaW1hcnlfcHJvdmlkZXJiMXM1CnByZWZzczEwClBsZXggTW92aWVzNApuYW1lMQpzNQpNb3ZpZTEKczI5CmNvbS5wbGV4YXBwLmFnZW50cy5sb2NhbG1lZGlhMQpzMjkKY29tLnBsZXhhcHAuYWdlbnRzLnRoZW1vdmllZGIzMwpzMgplbnMyCnN2czIKZnJzMgplc3MyCm5sczIKZGVzMgppdHMyCmRhczIKYXJzMgpjYXMyCnpoczIKY3NzMgpldHMyCmZpczIKZWxzMgpoZXMyCmhpczIKaHVzMgppZHMyCmphczIKa29zMgpsdnMyCm5vczIKZmFzMgpwbHMyCnB0czIKcm9zMgpydXMyCnNrczIKdGhzMgp0cnMyCnVrczIKdmlyMAo_
2018-11-23 03:17:39,159 (7ff7667fc700) :  INFO (agentservice:167) - Receiving agent info from com.plexapp.agents.imdb: [{'media_types': ['Movie'], 'primary_provider': True, 'fallback_agent': None, 'contributes_to': ['com.plexapp.agents.themoviedb'], 'languages': ['en', 'sv', 'fr', 'es', 'nl', 'de', 'it', 'da', 'ar', 'ca', 'zh', 'cs', 'et', 'fi', 'el', 'he', 'hi', 'hu', 'id', 'ja', 'ko', 'lv', 'no', 'fa', 'pl', 'pt', 'ro', 'ru', 'sk', 'th', 'tr', 'uk', 'vi'], 'persist_stored_files': True, 'version': 0, 'accepts_from': ['com.plexapp.agents.localmedia'], 'prefs': True, 'name': 'Plex Movie'}]
2018-11-23 03:17:39,161 (7ff7667fc700) :  DEBUG (runtime:924) - Response: [200] str, 16 bytes
2018-11-23 03:17:39,892 (7ff7667fc700) :  DEBUG (runtime:717) - Handling request GET /system/notify/serverUpdated?host=127.0.0.1
2018-11-23 03:17:39,896 (7ff7667fc700) :  DEBUG (runtime:814) - Found route matching /system/notify/serverUpdated
2018-11-23 03:17:39,897 (7ff7667fc700) :  DEBUG (peerservice:386) - Handling server update notification (127.0.0.1)
2018-11-23 03:17:39,898 (7ff7667fc700) :  DEBUG (peerservice:189) - Updating servers (False/False True/True/True)
2018-11-23 03:17:39,900 (7ff7667fc700) :  DEBUG (peerservice:164) - Fetching the current list of servers
2018-11-23 03:17:39,906 (7ff7667fc700) :  DEBUG (networking:166) - Requesting 'http://127.0.0.1:32400/servers'
2018-11-23 03:17:39,924 (7ff7667fc700) :  DEBUG (peerservice:198) - Found 1 servers
2018-11-23 03:17:39,925 (7ff7667fc700) :  DEBUG (peerservice:214) - Ignoring 177b657a65db79667e3ca1a7f7924b88aa9b9433 because host != 127.0.0.1 (172.18.0.6)
2018-11-23 03:17:39,929 (7ff7667fc700) :  DEBUG (networking:166) - Requesting 'http://127.0.0.1:32400/library/sections'
2018-11-23 03:17:39,954 (7ff7667fc700) :  DEBUG (networking:166) - Requesting 'http://127.0.0.1:32400/channels/all'
2018-11-23 03:17:39,973 (7ff7667fc700) :  DEBUG (runtime:924) - Response: [200] str, 0 bytes
2018-11-23 03:17:41,685 (7ff7577fe700) :  INFO (datakit:131) - Saved the dictionary file
2018-11-23 03:18:37,252 (7ff7897fa700) :  DEBUG (runtime:1156) - Starting timed thread named 'auto_update_thread'
2018-11-23 03:18:37,254 (7ff7897fa700) :  INFO (storeservice:356) - Starting automatic update check
2018-11-23 03:18:37,261 (7ff7897fa700) :  DEBUG (runtime:1117) - Created a thread named 'remove_unavailable_agents'
2018-11-23 03:18:37,277 (7ff7897fa700) :  DEBUG (networking:166) - Requesting 'https://plugins.plex.tv/apps/all.json?frameworkVersion=2.6.3&machineIdentifier=177b657a65db79667e3ca1a7f7924b88aa9b9433&os=Linux&osVersion=4.9.125-linuxkit%20%28%231%20SMP%20Fri%20Sep%207%2008%3A20%3A28%20UTC%202018%29&cpu=i386&serverVersion=1.13.9.5456-ecd600442&systemRevision=ecd6004'
2018-11-23 03:18:37,480 (7ff7897fa700) :  INFO (storeservice:495) - No beta plugins.
2018-11-23 03:18:37,485 (7ff7897fa700) :  INFO (storeservice:531) - 'Services' plug-in [com.plexapp.system.services] is up to date (9b31f28)
2018-11-23 03:18:37,486 (7ff7897fa700) :  INFO (storeservice:362) - All plug-ins are up to date
2018-11-23 03:18:37,488 (7ff7897fa700) :  DEBUG (runtime:1150) - Scheduled a timed thread named 'auto_update_thread'
2018-11-23 03:18:42,283 (7ff7667fc700) :  INFO (datakit:131) - Saved the dictionary file
2018-11-23 03:19:34,646 (7ff764ff9700) :  DEBUG (runtime:1156) - Starting timed thread named 'refresh_servers'
2018-11-23 03:19:34,648 (7ff764ff9700) :  DEBUG (peerservice:164) - Fetching the current list of servers
2018-11-23 03:19:34,654 (7ff764ff9700) :  DEBUG (networking:166) - Requesting 'http://127.0.0.1:32400/servers'
2018-11-23 03:19:34,679 (7ff764ff9700) :  DEBUG (peerservice:171) - Refreshing local server
2018-11-23 03:19:34,681 (7ff764ff9700) :  DEBUG (peerservice:189) - Updating servers (True/False True/True/True)
2018-11-23 03:19:34,682 (7ff764ff9700) :  DEBUG (peerservice:198) - Found 1 servers
2018-11-23 03:19:34,682 (7ff764ff9700) :  DEBUG (peerservice:233) - Updating existing server plex (177b657a65db79667e3ca1a7f7924b88aa9b9433)
2018-11-23 03:19:34,685 (7ff764ff9700) :  DEBUG (networking:166) - Requesting 'http://127.0.0.1:32400/library/sections'
2018-11-23 03:19:34,704 (7ff764ff9700) :  DEBUG (networking:166) - Requesting 'http://127.0.0.1:32400/channels/all'
2018-11-23 03:19:34,723 (7ff7667fc700) :  DEBUG (peerservice:176) - Background-refreshing remote servers
2018-11-23 03:19:34,723 (7ff764ff9700) :  DEBUG (runtime:1117) - Created a thread named 'background_refresh'
2018-11-23 03:19:34,724 (7ff7667fc700) :  DEBUG (peerservice:189) - Updating servers (False/True True/True/True)
2018-11-23 03:19:34,731 (7ff7667fc700) :  DEBUG (peerservice:198) - Found 1 servers
